<?xml version="1.0" encoding="UTF-8"?>
<!-- Generated by org.testng.reporters.JUnitReportReporter -->
<testsuite hostname="DESKTOP-7EJ77M7" failures="0" tests="1" name="tugas.selenium.demoqa.TestBrokenLinks" time="12.153" errors="0" timestamp="2022-09-16T09:47:17 WIB" skipped="0">
  <testcase classname="tugas.selenium.demoqa.TestBrokenLinks" name="click" time="12.153"/>
  <system-out/>
</testsuite> <!-- tugas.selenium.demoqa.TestBrokenLinks -->
