<?xml version="1.0" encoding="UTF-8"?>
<!-- Generated by org.testng.reporters.JUnitReportReporter -->
<testsuite hostname="DESKTOP-7EJ77M7" failures="0" tests="1" name="latihan.factoryobject.TestLogin" time="77.538" errors="0" timestamp="2022-09-15T11:34:46 WIB" skipped="0">
  <testcase classname="latihan.factoryobject.TestLogin" name="testInValidLoginNullAll" time="77.538"/>
  <system-out/>
</testsuite> <!-- latihan.factoryobject.TestLogin -->
