<?xml version="1.0" encoding="UTF-8"?>
<!-- Generated by org.testng.reporters.JUnitReportReporter -->
<testsuite hostname="DESKTOP-7EJ77M7" failures="0" tests="1" name="remedial.remedialkeempat.themoviedb.InterstellarVideos" time="1.986" errors="0" timestamp="2022-09-28T07:48:08 WIB" skipped="0">
  <testcase classname="remedial.remedialkeempat.themoviedb.InterstellarVideos" name="testGet" time="1.986"/>
  <system-out/>
</testsuite> <!-- remedial.remedialkeempat.themoviedb.InterstellarVideos -->
