<?xml version="1.0" encoding="UTF-8"?>
<!-- Generated by org.testng.reporters.JUnitReportReporter -->
<testsuite hostname="DESKTOP-7EJ77M7" failures="0" tests="1" name="tugas.selenium.formy.Dropdown" time="4.166" errors="0" timestamp="2022-09-15T19:04:12 WIB" skipped="0">
  <testcase classname="tugas.selenium.formy.Dropdown" name="testDropdown" time="4.166"/>
  <system-out/>
</testsuite> <!-- tugas.selenium.formy.Dropdown -->
