<?xml version="1.0" encoding="UTF-8"?>
<!-- Generated by org.testng.reporters.JUnitReportReporter -->
<testsuite hostname="DESKTOP-7EJ77M7" failures="0" tests="1" name="tugas.selenium.formy.KeyboardAndMouse" time="3.032" errors="0" timestamp="2022-09-15T13:16:14 WIB" skipped="0">
  <testcase classname="tugas.selenium.formy.KeyboardAndMouse" name="testKeyboardAndMouse" time="3.032"/>
  <system-out/>
</testsuite> <!-- tugas.selenium.formy.KeyboardAndMouse -->
