<?xml version="1.0" encoding="UTF-8"?>
<!-- Generated by org.testng.reporters.JUnitReportReporter -->
<testsuite hostname="DESKTOP-7EJ77M7" failures="0" tests="1" name="tugas.selenium.formy.NewCheckboxes" time="2.789" errors="0" timestamp="2022-09-15T09:01:40 WIB" skipped="0">
  <testcase classname="tugas.selenium.formy.NewCheckboxes" name="testNEWCHECKBOXES" time="2.789"/>
  <system-out/>
</testsuite> <!-- tugas.selenium.formy.NewCheckboxes -->
