<?xml version="1.0" encoding="UTF-8"?>
<!-- Generated by org.testng.reporters.JUnitReportReporter -->
<testsuite hostname="DESKTOP-7EJ77M7" failures="0" tests="1" name="remedial.remedialkeempat.shopdemoqa.TestShopDemoQA" time="60.651" errors="0" timestamp="2022-10-02T13:39:51 WIB" skipped="0">
  <testcase classname="remedial.remedialkeempat.shopdemoqa.TestShopDemoQA" name="testChangePass" time="60.651"/>
  <system-out/>
</testsuite> <!-- remedial.remedialkeempat.shopdemoqa.TestShopDemoQA -->
