<?xml version="1.0" encoding="UTF-8"?>
<!-- Generated by org.testng.reporters.JUnitReportReporter -->
<testsuite hostname="DESKTOP-7EJ77M7" failures="0" tests="4" name="ujian.ujiankeempat.nopcommerce.TestLoginNopCommerce" time="28.530" errors="0" timestamp="2022-09-17T23:30:43 WIB" skipped="0">
  <testcase classname="ujian.ujiankeempat.nopcommerce.TestLoginNopCommerce" name="testInvalidEmail" time="6.357"/>
  <system-out/>
  <testcase classname="ujian.ujiankeempat.nopcommerce.TestLoginNopCommerce" name="testNullEmail" time="4.576"/>
  <system-out/>
  <testcase classname="ujian.ujiankeempat.nopcommerce.TestLoginNopCommerce" name="testValidLogin" time="11.303"/>
  <system-out/>
  <testcase classname="ujian.ujiankeempat.nopcommerce.TestLoginNopCommerce" name="testInvalidPassword" time="6.294"/>
  <system-out/>
</testsuite> <!-- ujian.ujiankeempat.nopcommerce.TestLoginNopCommerce -->
