<?xml version="1.0" encoding="UTF-8"?>
<!-- Generated by org.testng.reporters.JUnitReportReporter -->
<testsuite hostname="DESKTOP-7EJ77M7" failures="0" tests="1" name="tugas.selenium.formy.CompleteWebForm" time="7.908" errors="0" timestamp="2022-09-15T18:57:59 WIB" skipped="0">
  <testcase classname="tugas.selenium.formy.CompleteWebForm" name="testCompleteWebForm" time="7.908"/>
  <system-out/>
</testsuite> <!-- tugas.selenium.formy.CompleteWebForm -->
