<?xml version="1.0" encoding="UTF-8"?>
<!-- Generated by org.testng.reporters.JUnitReportReporter -->
<testsuite hostname="DESKTOP-7EJ77M7" failures="0" tests="5" name="ujian.ujiankeempat.nopcommerce.TestNopCommerce" time="42.752" errors="0" timestamp="2022-09-18T07:23:30 WIB" skipped="0">
  <testcase classname="ujian.ujiankeempat.nopcommerce.TestNopCommerce" name="testValidLogin" time="7.341"/>
  <system-out/>
  <testcase classname="ujian.ujiankeempat.nopcommerce.TestNopCommerce" name="testInvalidEmail" time="6.432"/>
  <system-out/>
  <testcase classname="ujian.ujiankeempat.nopcommerce.TestNopCommerce" name="testInvalidPassword" time="5.697"/>
  <system-out/>
  <testcase classname="ujian.ujiankeempat.nopcommerce.TestNopCommerce" name="testNullEmail" time="5.265"/>
  <system-out/>
  <testcase classname="ujian.ujiankeempat.nopcommerce.TestNopCommerce" name="testAddCustomer" time="18.017"/>
  <system-out/>
</testsuite> <!-- ujian.ujiankeempat.nopcommerce.TestNopCommerce -->
