<?xml version="1.0" encoding="UTF-8"?>
<!-- Generated by org.testng.reporters.JUnitReportReporter -->
<testsuite hostname="DESKTOP-7EJ77M7" failures="0" tests="2" name="latihan.cobacoba.CobaRunner$LoginRunner" time="7.335" errors="2" timestamp="2022-09-19T11:47:09 WIB" skipped="0">
  <testcase classname="latihan.cobacoba.CobaRunner$LoginRunner" name="runScenario" time="7.248">
    <error message="Cannot invoke &quot;org.openqa.selenium.SearchContext.findElement(org.openqa.selenium.By)&quot; because &quot;this.searchContext&quot; is null" type="java.lang.NullPointerException">
      <![CDATA[java.lang.NullPointerException: Cannot invoke "org.openqa.selenium.SearchContext.findElement(org.openqa.selenium.By)" because "this.searchContext" is null
at org.openqa.selenium.support.pagefactory.DefaultElementLocator.findElement(DefaultElementLocator.java:70)
at org.openqa.selenium.support.pagefactory.internal.LocatingElementHandler.invoke(LocatingElementHandler.java:39)
at jdk.proxy2/jdk.proxy2.$Proxy33.click(Unknown Source)
at ujian.ujiankeempat.nopcommerce.LoginNopCommerce.isiEmail(LoginNopCommerce.java:51)
at latihan.cobacoba.TestCobaCoba.user_enter_username_password_invalid(TestCobaCoba.java:33)
at ✽.User enter username & password invalid(file:///C:/TRAINING/SQA/NAH/src/test/resources/cobacoba/cobacoba.feature:5)
]]>
    </error>
  </testcase> <!-- runScenario -->
  <system-out/>
  <testcase classname="latihan.cobacoba.CobaRunner$LoginRunner" name="runScenario" time="0.087">
    <error message="Cannot invoke &quot;org.openqa.selenium.SearchContext.findElement(org.openqa.selenium.By)&quot; because &quot;this.searchContext&quot; is null" type="java.lang.NullPointerException">
      <![CDATA[java.lang.NullPointerException: Cannot invoke "org.openqa.selenium.SearchContext.findElement(org.openqa.selenium.By)" because "this.searchContext" is null
at org.openqa.selenium.support.pagefactory.DefaultElementLocator.findElement(DefaultElementLocator.java:70)
at org.openqa.selenium.support.pagefactory.internal.LocatingElementHandler.invoke(LocatingElementHandler.java:39)
at jdk.proxy2/jdk.proxy2.$Proxy33.click(Unknown Source)
at ujian.ujiankeempat.nopcommerce.LoginNopCommerce.isiEmail(LoginNopCommerce.java:51)
at latihan.cobacoba.TestCobaCoba.user_enter_username_password_valid(TestCobaCoba.java:52)
at ✽.User enter username & password valid(file:///C:/TRAINING/SQA/NAH/src/test/resources/cobacoba/cobacoba.feature:10)
]]>
    </error>
  </testcase> <!-- runScenario -->
  <system-out/>
</testsuite> <!-- latihan.cobacoba.CobaRunner$LoginRunner -->
