<?xml version="1.0" encoding="UTF-8"?>
<!-- Generated by org.testng.reporters.JUnitReportReporter -->
<testsuite hostname="DESKTOP-7EJ77M7" failures="0" tests="1" name="latihan.restassured.LocalServer" time="1.197" errors="0" timestamp="2022-09-18T09:06:37 WIB" skipped="0">
  <testcase classname="latihan.restassured.LocalServer" name="testGet" time="1.197"/>
  <system-out/>
</testsuite> <!-- latihan.restassured.LocalServer -->
