<?xml version="1.0" encoding="UTF-8"?>
<!-- Generated by org.testng.reporters.JUnitReportReporter -->
<testsuite hostname="DESKTOP-7EJ77M7" failures="0" tests="1" name="tugas.selenium.formy.Modal" time="5.790" errors="0" timestamp="2022-09-15T19:12:10 WIB" skipped="0">
  <testcase classname="tugas.selenium.formy.Modal" name="testModal" time="5.790"/>
  <system-out/>
</testsuite> <!-- tugas.selenium.formy.Modal -->
