<?xml version="1.0" encoding="UTF-8"?>
<!-- Generated by org.testng.reporters.JUnitReportReporter -->
<testsuite hostname="DESKTOP-7EJ77M7" failures="0" tests="2" name="tugas.cucumber.normalscenario.NormalTestLoginRunner" time="12.546" errors="0" timestamp="2022-09-20T21:23:32 WIB" skipped="0">
  <testcase classname="tugas.cucumber.normalscenario.NormalTestLoginRunner" name="runScenario" time="3.259"/>
  <system-out/>
  <testcase classname="tugas.cucumber.normalscenario.NormalTestLoginRunner" name="runScenario" time="9.287"/>
  <system-out/>
</testsuite> <!-- tugas.cucumber.normalscenario.NormalTestLoginRunner -->
