<?xml version="1.0" encoding="UTF-8"?>
<!-- Generated by org.testng.reporters.JUnitReportReporter -->
<testsuite hostname="DESKTOP-7EJ77M7" failures="0" tests="1" name="remedial.remedialkeempat.themoviedb.FightClubImages" time="1.122" errors="0" timestamp="2022-09-28T02:56:23 WIB" skipped="0">
  <testcase classname="remedial.remedialkeempat.themoviedb.FightClubImages" name="testGet" time="1.122"/>
  <system-out/>
</testsuite> <!-- remedial.remedialkeempat.themoviedb.FightClubImages -->
