<?xml version="1.0" encoding="UTF-8"?>
<!-- Generated by org.testng.reporters.JUnitReportReporter -->
<testsuite hostname="DESKTOP-7EJ77M7" failures="0" tests="1" name="tugas.selenium.formy.Buttons" time="4.479" errors="0" timestamp="2022-09-15T18:52:55 WIB" skipped="0">
  <testcase classname="tugas.selenium.formy.Buttons" name="testButtons" time="4.479"/>
  <system-out/>
</testsuite> <!-- tugas.selenium.formy.Buttons -->
