<?xml version="1.0" encoding="UTF-8"?>
<!-- Generated by org.testng.reporters.JUnitReportReporter -->
<testsuite hostname="DESKTOP-7EJ77M7" failures="0" tests="1" name="remedial.remedialkeempat.themoviedb.MoviesGermanWithMovieRelease" time="1.427" errors="0" timestamp="2022-09-28T19:10:45 WIB" skipped="0">
  <testcase classname="remedial.remedialkeempat.themoviedb.MoviesGermanWithMovieRelease" name="testGet" time="1.427"/>
  <system-out/>
</testsuite> <!-- remedial.remedialkeempat.themoviedb.MoviesGermanWithMovieRelease -->
