<?xml version="1.0" encoding="UTF-8"?>
<!-- Generated by org.testng.reporters.JUnitReportReporter -->
<testsuite hostname="DESKTOP-7EJ77M7" failures="0" tests="1" name="tugas.selenium.demoqa.TestTextBox" time="13.351" errors="0" timestamp="2022-09-16T08:16:55 WIB" skipped="0">
  <testcase classname="tugas.selenium.demoqa.TestTextBox" name="testInputAll" time="13.351"/>
  <system-out/>
</testsuite> <!-- tugas.selenium.demoqa.TestTextBox -->
