<?xml version="1.0" encoding="UTF-8"?>
<!-- Generated by org.testng.reporters.JUnitReportReporter -->
<testsuite hostname="DESKTOP-7EJ77M7" failures="0" tests="10" name="ujian.ujiankeempat.openweather.ByLatLonLang" time="4.309" errors="0" timestamp="2022-09-18T10:28:19 WIB" skipped="0">
  <testcase classname="ujian.ujiankeempat.openweather.ByLatLonLang" name="testGet" time="0.389"/>
  <system-out/>
  <testcase classname="ujian.ujiankeempat.openweather.ByLatLonLang" name="testGet" time="0.341"/>
  <system-out/>
  <testcase classname="ujian.ujiankeempat.openweather.ByLatLonLang" name="testGet" time="0.306"/>
  <system-out/>
  <testcase classname="ujian.ujiankeempat.openweather.ByLatLonLang" name="testGet" time="0.301"/>
  <system-out/>
  <testcase classname="ujian.ujiankeempat.openweather.ByLatLonLang" name="testGet" time="0.244"/>
  <system-out/>
  <testcase classname="ujian.ujiankeempat.openweather.ByLatLonLang" name="testGet" time="0.197"/>
  <system-out/>
  <testcase classname="ujian.ujiankeempat.openweather.ByLatLonLang" name="testGet" time="0.307"/>
  <system-out/>
  <testcase classname="ujian.ujiankeempat.openweather.ByLatLonLang" name="testGet" time="0.196"/>
  <system-out/>
  <testcase classname="ujian.ujiankeempat.openweather.ByLatLonLang" name="testGet" time="1.829"/>
  <system-out/>
  <testcase classname="ujian.ujiankeempat.openweather.ByLatLonLang" name="testGet" time="0.199"/>
  <system-out/>
</testsuite> <!-- ujian.ujiankeempat.openweather.ByLatLonLang -->
