<?xml version="1.0" encoding="UTF-8"?>
<!-- Generated by org.testng.reporters.JUnitReportReporter -->
<testsuite hostname="DESKTOP-7EJ77M7" failures="0" tests="1" name="tugas.selenium.formy.EnabledDisabled" time="3.587" errors="0" timestamp="2022-09-15T19:05:42 WIB" skipped="0">
  <testcase classname="tugas.selenium.formy.EnabledDisabled" name="testEnabledDisabled" time="3.587"/>
  <system-out/>
</testsuite> <!-- tugas.selenium.formy.EnabledDisabled -->
