<?xml version="1.0" encoding="UTF-8"?>
<!-- Generated by org.testng.reporters.JUnitReportReporter -->
<testsuite hostname="DESKTOP-7EJ77M7" failures="0" tests="1" name="remedial.remedialkeempat.themoviedb.CreateRequestToken" time="2.398" errors="0" timestamp="2022-09-28T02:30:33 WIB" skipped="0">
  <testcase classname="remedial.remedialkeempat.themoviedb.CreateRequestToken" name="testGet" time="2.398"/>
  <system-out/>
</testsuite> <!-- remedial.remedialkeempat.themoviedb.CreateRequestToken -->
