<?xml version="1.0" encoding="UTF-8"?>
<!-- Generated by org.testng.reporters.JUnitReportReporter -->
<testsuite hostname="DESKTOP-7EJ77M7" failures="0" tests="1" name="tugas.selenium.formy.DragAndDrop" time="4.115" errors="0" timestamp="2022-09-15T19:02:36 WIB" skipped="0">
  <testcase classname="tugas.selenium.formy.DragAndDrop" name="testDragAndDrop" time="4.115"/>
  <system-out/>
</testsuite> <!-- tugas.selenium.formy.DragAndDrop -->
