<?xml version="1.0" encoding="UTF-8"?>
<!-- Generated by org.testng.reporters.JUnitReportReporter -->
<testsuite hostname="DESKTOP-7EJ77M7" failures="0" tests="1" name="tugas.selenium.demoqa.TestPracticeForm" time="22.802" errors="0" timestamp="2022-09-16T16:00:11 WIB" skipped="0">
  <testcase classname="tugas.selenium.demoqa.TestPracticeForm" name="testInputAll" time="22.802"/>
  <system-out/>
</testsuite> <!-- tugas.selenium.demoqa.TestPracticeForm -->
