<?xml version="1.0" encoding="UTF-8"?>
<!-- Generated by org.testng.reporters.JUnitReportReporter -->
<testsuite hostname="DESKTOP-7EJ77M7" failures="0" tests="1" name="tugas.selenium.formy.RadioButton" time="3.579" errors="0" timestamp="2022-09-15T19:14:31 WIB" skipped="0">
  <testcase classname="tugas.selenium.formy.RadioButton" name="testRadioButton" time="3.579"/>
  <system-out/>
</testsuite> <!-- tugas.selenium.formy.RadioButton -->
