<?xml version="1.0" encoding="UTF-8"?>
<!-- Generated by org.testng.reporters.JUnitReportReporter -->
<testsuite hostname="DESKTOP-7EJ77M7" failures="0" tests="1" name="remedial.remedialkeempat.themoviedb.MadMaxBrazilLanguage" time="1.316" errors="0" timestamp="2022-09-28T18:50:41 WIB" skipped="0">
  <testcase classname="remedial.remedialkeempat.themoviedb.MadMaxBrazilLanguage" name="testGet" time="1.316"/>
  <system-out/>
</testsuite> <!-- remedial.remedialkeempat.themoviedb.MadMaxBrazilLanguage -->
