<?xml version="1.0" encoding="UTF-8"?>
<!-- Generated by org.testng.reporters.JUnitReportReporter -->
<testsuite hostname="DESKTOP-7EJ77M7" failures="0" tests="1" name="remedial.remedialkeempat.themoviedb.FightClubBackdropsPosters" time="2.019" errors="0" timestamp="2022-09-26T22:44:54 WIB" skipped="0">
  <testcase classname="remedial.remedialkeempat.themoviedb.FightClubBackdropsPosters" name="testGet" time="2.019"/>
  <system-out/>
</testsuite> <!-- remedial.remedialkeempat.themoviedb.FightClubBackdropsPosters -->
