<?xml version="1.0" encoding="UTF-8"?>
<!-- Generated by org.testng.reporters.JUnitReportReporter -->
<testsuite hostname="DESKTOP-7EJ77M7" failures="0" tests="10" name="ujian.ujiankeempat.openweather.ByCityNameCountryCode" time="5.165" errors="0" timestamp="2022-09-18T10:13:38 WIB" skipped="0">
  <testcase classname="ujian.ujiankeempat.openweather.ByCityNameCountryCode" name="testGet" time="0.411"/>
  <system-out/>
  <testcase classname="ujian.ujiankeempat.openweather.ByCityNameCountryCode" name="testGet" time="0.314"/>
  <system-out/>
  <testcase classname="ujian.ujiankeempat.openweather.ByCityNameCountryCode" name="testGet" time="0.347"/>
  <system-out/>
  <testcase classname="ujian.ujiankeempat.openweather.ByCityNameCountryCode" name="testGet" time="0.390"/>
  <system-out/>
  <testcase classname="ujian.ujiankeempat.openweather.ByCityNameCountryCode" name="testGet" time="1.871"/>
  <system-out/>
  <testcase classname="ujian.ujiankeempat.openweather.ByCityNameCountryCode" name="testGet" time="0.295"/>
  <system-out/>
  <testcase classname="ujian.ujiankeempat.openweather.ByCityNameCountryCode" name="testGet" time="0.303"/>
  <system-out/>
  <testcase classname="ujian.ujiankeempat.openweather.ByCityNameCountryCode" name="testGet" time="0.388"/>
  <system-out/>
  <testcase classname="ujian.ujiankeempat.openweather.ByCityNameCountryCode" name="testGet" time="0.362"/>
  <system-out/>
  <testcase classname="ujian.ujiankeempat.openweather.ByCityNameCountryCode" name="testGet" time="0.484"/>
  <system-out/>
</testsuite> <!-- ujian.ujiankeempat.openweather.ByCityNameCountryCode -->
