<?xml version="1.0" encoding="UTF-8"?>
<!-- Generated by org.testng.reporters.JUnitReportReporter -->
<testsuite hostname="DESKTOP-7EJ77M7" failures="0" tests="4" name="latihan.restassured.PostDataFromExcel" time="1.417" errors="0" timestamp="2022-09-18T08:50:01 WIB" skipped="0">
  <testcase classname="latihan.restassured.PostDataFromExcel" name="testPost" time="0.043"/>
  <system-out/>
  <testcase classname="latihan.restassured.PostDataFromExcel" name="testPost" time="1.298"/>
  <system-out/>
  <testcase classname="latihan.restassured.PostDataFromExcel" name="testPost" time="0.029"/>
  <system-out/>
  <testcase classname="latihan.restassured.PostDataFromExcel" name="testPost" time="0.047"/>
  <system-out/>
</testsuite> <!-- latihan.restassured.PostDataFromExcel -->
