<?xml version="1.0" encoding="UTF-8"?>
<!-- Generated by org.testng.reporters.JUnitReportReporter -->
<testsuite hostname="DESKTOP-7EJ77M7" failures="0" tests="1" name="remedial.remedialkeempat.themoviedb.MadMaxWithAuthosization" time="1.401" errors="0" timestamp="2022-09-26T23:22:21 WIB" skipped="0">
  <testcase classname="remedial.remedialkeempat.themoviedb.MadMaxWithAuthosization" name="testGet" time="1.401"/>
  <system-out/>
</testsuite> <!-- remedial.remedialkeempat.themoviedb.MadMaxWithAuthosization -->
