<?xml version="1.0" encoding="UTF-8"?>
<!-- Generated by org.testng.reporters.JUnitReportReporter -->
<testsuite hostname="DESKTOP-7EJ77M7" failures="0" tests="1" name="tugas.selenium.formy.Datepicker" time="5.186" errors="0" timestamp="2022-09-15T19:01:20 WIB" skipped="0">
  <testcase classname="tugas.selenium.formy.Datepicker" name="testDatepicker" time="5.186"/>
  <system-out/>
</testsuite> <!-- tugas.selenium.formy.Datepicker -->
