<?xml version="1.0" encoding="UTF-8"?>
<!-- Generated by org.testng.reporters.JUnitReportReporter -->
<testsuite hostname="DESKTOP-7EJ77M7" failures="0" tests="1" name="remedial.remedialkeempat.themoviedb.Interstellar" time="2.119" errors="0" timestamp="2022-09-28T07:44:40 WIB" skipped="0">
  <testcase classname="remedial.remedialkeempat.themoviedb.Interstellar" name="testGet" time="2.119"/>
  <system-out/>
</testsuite> <!-- remedial.remedialkeempat.themoviedb.Interstellar -->
