<?xml version="1.0" encoding="UTF-8"?>
<!-- Generated by org.testng.reporters.JUnitReportReporter -->
<testsuite hostname="DESKTOP-7EJ77M7" failures="0" tests="2" name="latihan.cucumber.cobacoba.CobaRunner" time="12.549" errors="0" timestamp="2022-09-19T14:38:30 WIB" skipped="0">
  <testcase classname="latihan.cucumber.cobacoba.CobaRunner" name="runScenario" time="8.595"/>
  <system-out/>
  <testcase classname="latihan.cucumber.cobacoba.CobaRunner" name="runScenario" time="3.954"/>
  <system-out/>
</testsuite> <!-- latihan.cucumber.cobacoba.CobaRunner -->
