<?xml version="1.0" encoding="UTF-8"?>
<!-- Generated by org.testng.reporters.JUnitReportReporter -->
<testsuite hostname="DESKTOP-7EJ77M7" failures="0" tests="10" name="ujian.ujiankeempat.openweather.ByCityNameStateCode" time="4.899" errors="0" timestamp="2022-09-18T10:13:48 WIB" skipped="0">
  <testcase classname="ujian.ujiankeempat.openweather.ByCityNameStateCode" name="testGet" time="0.408"/>
  <system-out/>
  <testcase classname="ujian.ujiankeempat.openweather.ByCityNameStateCode" name="testGet" time="0.404"/>
  <system-out/>
  <testcase classname="ujian.ujiankeempat.openweather.ByCityNameStateCode" name="testGet" time="0.408"/>
  <system-out/>
  <testcase classname="ujian.ujiankeempat.openweather.ByCityNameStateCode" name="testGet" time="1.627"/>
  <system-out/>
  <testcase classname="ujian.ujiankeempat.openweather.ByCityNameStateCode" name="testGet" time="0.329"/>
  <system-out/>
  <testcase classname="ujian.ujiankeempat.openweather.ByCityNameStateCode" name="testGet" time="0.403"/>
  <system-out/>
  <testcase classname="ujian.ujiankeempat.openweather.ByCityNameStateCode" name="testGet" time="0.304"/>
  <system-out/>
  <testcase classname="ujian.ujiankeempat.openweather.ByCityNameStateCode" name="testGet" time="0.312"/>
  <system-out/>
  <testcase classname="ujian.ujiankeempat.openweather.ByCityNameStateCode" name="testGet" time="0.401"/>
  <system-out/>
  <testcase classname="ujian.ujiankeempat.openweather.ByCityNameStateCode" name="testGet" time="0.303"/>
  <system-out/>
</testsuite> <!-- ujian.ujiankeempat.openweather.ByCityNameStateCode -->
