<?xml version="1.0" encoding="UTF-8"?>
<!-- Generated by org.testng.reporters.JUnitReportReporter -->
<testsuite hostname="DESKTOP-7EJ77M7" failures="0" tests="5" name="ujian.ujiankeempat.nopcommerce.TestNopCommerce" time="49.475" errors="0" timestamp="2022-09-19T13:45:18 WIB" skipped="0">
  <testcase classname="ujian.ujiankeempat.nopcommerce.TestNopCommerce" name="testValidLogin" time="12.335"/>
  <system-out/>
  <testcase classname="ujian.ujiankeempat.nopcommerce.TestNopCommerce" name="testInvalidEmail" time="5.764"/>
  <system-out/>
  <testcase classname="ujian.ujiankeempat.nopcommerce.TestNopCommerce" name="testInvalidPassword" time="6.281"/>
  <system-out/>
  <testcase classname="ujian.ujiankeempat.nopcommerce.TestNopCommerce" name="testNullEmail" time="4.550"/>
  <system-out/>
  <testcase classname="ujian.ujiankeempat.nopcommerce.TestNopCommerce" name="testAddCustomer" time="20.545"/>
  <system-out/>
</testsuite> <!-- ujian.ujiankeempat.nopcommerce.TestNopCommerce -->
