<?xml version="1.0" encoding="UTF-8"?>
<!-- Generated by org.testng.reporters.JUnitReportReporter -->
<testsuite hostname="DESKTOP-7EJ77M7" failures="0" tests="1" name="remedial.remedialkeempat.themoviedb.MoviesGerman" time="1.694" errors="0" timestamp="2022-09-26T23:45:43 WIB" skipped="0">
  <testcase classname="remedial.remedialkeempat.themoviedb.MoviesGerman" name="testGet" time="1.694"/>
  <system-out/>
</testsuite> <!-- remedial.remedialkeempat.themoviedb.MoviesGerman -->
