<?xml version="1.0" encoding="UTF-8"?>
<!-- Generated by org.testng.reporters.JUnitReportReporter -->
<testsuite hostname="DESKTOP-7EJ77M7" failures="0" tests="1" name="tugas.selenium.amazon.TestFormAmazon" time="14.750" errors="0" timestamp="2022-09-16T18:17:38 WIB" skipped="0">
  <testcase classname="tugas.selenium.amazon.TestFormAmazon" name="testInputAll" time="14.750"/>
  <system-out/>
</testsuite> <!-- tugas.selenium.amazon.TestFormAmazon -->
