<?xml version="1.0" encoding="UTF-8"?>
<!-- Generated by org.testng.reporters.JUnitReportReporter -->
<testsuite hostname="DESKTOP-7EJ77M7" failures="0" tests="10" name="ujian.ujiankelima.cucumber.ShopDemoQARunner" time="37.031" errors="0" timestamp="2022-09-24T14:49:28 ICT" skipped="0">
  <testcase classname="ujian.ujiankelima.cucumber.ShopDemoQARunner" name="runScenario" time="2.220"/>
  <system-out/>
  <testcase classname="ujian.ujiankelima.cucumber.ShopDemoQARunner" name="runScenario" time="2.520"/>
  <system-out/>
  <testcase classname="ujian.ujiankelima.cucumber.ShopDemoQARunner" name="runScenario" time="2.783"/>
  <system-out/>
  <testcase classname="ujian.ujiankelima.cucumber.ShopDemoQARunner" name="runScenario" time="13.411"/>
  <system-out/>
  <testcase classname="ujian.ujiankelima.cucumber.ShopDemoQARunner" name="runScenario" time="2.449"/>
  <system-out/>
  <testcase classname="ujian.ujiankelima.cucumber.ShopDemoQARunner" name="runScenario" time="3.131"/>
  <system-out/>
  <testcase classname="ujian.ujiankelima.cucumber.ShopDemoQARunner" name="runScenario" time="2.660"/>
  <system-out/>
  <testcase classname="ujian.ujiankelima.cucumber.ShopDemoQARunner" name="runScenario" time="2.624"/>
  <system-out/>
  <testcase classname="ujian.ujiankelima.cucumber.ShopDemoQARunner" name="runScenario" time="2.711"/>
  <system-out/>
  <testcase classname="ujian.ujiankelima.cucumber.ShopDemoQARunner" name="runScenario" time="2.522"/>
  <system-out/>
</testsuite> <!-- ujian.ujiankelima.cucumber.ShopDemoQARunner -->
