<?xml version="1.0" encoding="UTF-8"?>
<!-- Generated by org.testng.reporters.JUnitReportReporter -->
<testsuite hostname="DESKTOP-7EJ77M7" failures="0" tests="1" name="remedial.remedialkeempat.themoviedb.FightClubWithImages" time="1.882" errors="0" timestamp="2022-09-28T03:01:59 WIB" skipped="0">
  <testcase classname="remedial.remedialkeempat.themoviedb.FightClubWithImages" name="testGet" time="1.882"/>
  <system-out/>
</testsuite> <!-- remedial.remedialkeempat.themoviedb.FightClubWithImages -->
