<?xml version="1.0" encoding="UTF-8"?>
<!-- Generated by org.testng.reporters.JUnitReportReporter -->
<testsuite hostname="DESKTOP-7EJ77M7" failures="0" tests="4" name="ujian.ujiankelima.testng.TestParsing" time="0.017" errors="0" timestamp="2022-09-25T11:16:11 WIB" skipped="0">
  <testcase classname="ujian.ujiankelima.testng.TestParsing" name="testParsingInteger" time="0.010"/>
  <system-out/>
  <testcase classname="ujian.ujiankelima.testng.TestParsing" name="testParsingDouble" time="0.003"/>
  <system-out/>
  <testcase classname="ujian.ujiankelima.testng.TestParsing" name="testParsingLong" time="0.002"/>
  <system-out/>
  <testcase classname="ujian.ujiankelima.testng.TestParsing" name="testParsingFloat" time="0.002"/>
  <system-out/>
</testsuite> <!-- ujian.ujiankelima.testng.TestParsing -->
