<?xml version="1.0" encoding="UTF-8"?>
<!-- Generated by org.testng.reporters.JUnitReportReporter -->
<testsuite hostname="DESKTOP-7EJ77M7" failures="0" tests="10" name="ujian.ujiankeempat.openweather.ByCityId" time="4.815" errors="0" timestamp="2022-09-26T22:14:05 WIB" skipped="0">
  <testcase classname="ujian.ujiankeempat.openweather.ByCityId" name="testGet" time="0.405"/>
  <system-out/>
  <testcase classname="ujian.ujiankeempat.openweather.ByCityId" name="testGet" time="0.298"/>
  <system-out/>
  <testcase classname="ujian.ujiankeempat.openweather.ByCityId" name="testGet" time="0.368"/>
  <system-out/>
  <testcase classname="ujian.ujiankeempat.openweather.ByCityId" name="testGet" time="0.313"/>
  <system-out/>
  <testcase classname="ujian.ujiankeempat.openweather.ByCityId" name="testGet" time="0.328"/>
  <system-out/>
  <testcase classname="ujian.ujiankeempat.openweather.ByCityId" name="testGet" time="1.748"/>
  <system-out/>
  <testcase classname="ujian.ujiankeempat.openweather.ByCityId" name="testGet" time="0.405"/>
  <system-out/>
  <testcase classname="ujian.ujiankeempat.openweather.ByCityId" name="testGet" time="0.329"/>
  <system-out/>
  <testcase classname="ujian.ujiankeempat.openweather.ByCityId" name="testGet" time="0.322"/>
  <system-out/>
  <testcase classname="ujian.ujiankeempat.openweather.ByCityId" name="testGet" time="0.299"/>
  <system-out/>
</testsuite> <!-- ujian.ujiankeempat.openweather.ByCityId -->
