<?xml version="1.0" encoding="UTF-8"?>
<!-- Generated by org.testng.reporters.JUnitReportReporter -->
<testsuite hostname="DESKTOP-7EJ77M7" failures="0" tests="10" name="ujian.ujiankeempat.openweather.ByCityName" time="4.872" errors="0" timestamp="2022-09-18T10:11:51 WIB" skipped="0">
  <testcase classname="ujian.ujiankeempat.openweather.ByCityName" name="testGet" time="0.450"/>
  <system-out/>
  <testcase classname="ujian.ujiankeempat.openweather.ByCityName" name="testGet" time="0.306"/>
  <system-out/>
  <testcase classname="ujian.ujiankeempat.openweather.ByCityName" name="testGet" time="0.245"/>
  <system-out/>
  <testcase classname="ujian.ujiankeempat.openweather.ByCityName" name="testGet" time="0.410"/>
  <system-out/>
  <testcase classname="ujian.ujiankeempat.openweather.ByCityName" name="testGet" time="0.306"/>
  <system-out/>
  <testcase classname="ujian.ujiankeempat.openweather.ByCityName" name="testGet" time="1.804"/>
  <system-out/>
  <testcase classname="ujian.ujiankeempat.openweather.ByCityName" name="testGet" time="0.295"/>
  <system-out/>
  <testcase classname="ujian.ujiankeempat.openweather.ByCityName" name="testGet" time="0.407"/>
  <system-out/>
  <testcase classname="ujian.ujiankeempat.openweather.ByCityName" name="testGet" time="0.364"/>
  <system-out/>
  <testcase classname="ujian.ujiankeempat.openweather.ByCityName" name="testGet" time="0.285"/>
  <system-out/>
</testsuite> <!-- ujian.ujiankeempat.openweather.ByCityName -->
